[0.164s] DEBUG:colcon:Command line arguments: ['/usr/bin/colcon', 'build', '--packages-select', 'sensor_plugins']
[0.164s] DEBUG:colcon:Parsed command line arguments: Namespace(log_base=None, log_level=None, verb_name='build', build_base='build', install_base='install', merge_install=False, symlink_install=False, test_result_base=None, continue_on_error=False, executor='parallel', parallel_workers=8, event_handlers=None, ignore_user_meta=False, metas=['./colcon.meta'], base_paths=['.'], packages_ignore=None, packages_ignore_regex=None, paths=None, packages_up_to=None, packages_up_to_regex=None, packages_above=None, packages_above_and_dependencies=None, packages_above_depth=None, packages_select_by_dep=None, packages_skip_by_dep=None, packages_skip_up_to=None, packages_select_build_failed=False, packages_skip_build_finished=False, packages_select_test_failures=False, packages_skip_test_passed=False, packages_select=['sensor_plugins'], packages_skip=None, packages_select_regex=None, packages_skip_regex=None, packages_start=None, packages_end=None, cmake_args=None, cmake_target=None, cmake_target_skip_unavailable=False, cmake_clean_cache=False, cmake_clean_first=False, cmake_force_configure=False, ament_cmake_args=None, catkin_cmake_args=None, catkin_skip_building_tests=False, mixin_files=None, mixin=None, verb_parser=<colcon_mixin.mixin.mixin_argument.MixinArgumentDecorator object at 0x7b2881b9f550>, verb_extension=<colcon_core.verb.build.BuildVerb object at 0x7b2881b9ee60>, main=<bound method BuildVerb.main of <colcon_core.verb.build.BuildVerb object at 0x7b2881b9ee60>>, mixin_verb=('build',))
[0.317s] Level 1:colcon.colcon_core.package_discovery:discover_packages(colcon_meta) check parameters
[0.317s] Level 1:colcon.colcon_core.package_discovery:discover_packages(recursive) check parameters
[0.317s] Level 1:colcon.colcon_core.package_discovery:discover_packages(ignore) check parameters
[0.317s] Level 1:colcon.colcon_core.package_discovery:discover_packages(path) check parameters
[0.317s] Level 1:colcon.colcon_core.package_discovery:discover_packages(colcon_meta) discover
[0.317s] Level 1:colcon.colcon_core.package_discovery:discover_packages(recursive) discover
[0.317s] INFO:colcon.colcon_core.package_discovery:Crawling recursively for packages in '/home/ros/ros2_ws'
[0.317s] Level 1:colcon.colcon_core.package_identification:_identify(.) by extensions ['ignore', 'ignore_ament_install']
[0.317s] Level 1:colcon.colcon_core.package_identification:_identify(.) by extension 'ignore'
[0.317s] Level 1:colcon.colcon_core.package_identification:_identify(.) by extension 'ignore_ament_install'
[0.317s] Level 1:colcon.colcon_core.package_identification:_identify(.) by extensions ['colcon_pkg']
[0.317s] Level 1:colcon.colcon_core.package_identification:_identify(.) by extension 'colcon_pkg'
[0.317s] Level 1:colcon.colcon_core.package_identification:_identify(.) by extensions ['colcon_meta']
[0.317s] Level 1:colcon.colcon_core.package_identification:_identify(.) by extension 'colcon_meta'
[0.317s] Level 1:colcon.colcon_core.package_identification:_identify(.) by extensions ['ros']
[0.317s] Level 1:colcon.colcon_core.package_identification:_identify(.) by extension 'ros'
[0.329s] Level 1:colcon.colcon_core.package_identification:_identify(.) by extensions ['cmake', 'python']
[0.329s] Level 1:colcon.colcon_core.package_identification:_identify(.) by extension 'cmake'
[0.329s] Level 1:colcon.colcon_core.package_identification:_identify(.) by extension 'python'
[0.329s] Level 1:colcon.colcon_core.package_identification:_identify(.) by extensions ['python_setup_py']
[0.329s] Level 1:colcon.colcon_core.package_identification:_identify(.) by extension 'python_setup_py'
[0.329s] Level 1:colcon.colcon_core.package_identification:_identify(build) by extensions ['ignore', 'ignore_ament_install']
[0.329s] Level 1:colcon.colcon_core.package_identification:_identify(build) by extension 'ignore'
[0.329s] Level 1:colcon.colcon_core.package_identification:_identify(build) ignored
[0.329s] Level 1:colcon.colcon_core.package_identification:_identify(install) by extensions ['ignore', 'ignore_ament_install']
[0.329s] Level 1:colcon.colcon_core.package_identification:_identify(install) by extension 'ignore'
[0.329s] Level 1:colcon.colcon_core.package_identification:_identify(install) ignored
[0.329s] Level 1:colcon.colcon_core.package_identification:_identify(log) by extensions ['ignore', 'ignore_ament_install']
[0.330s] Level 1:colcon.colcon_core.package_identification:_identify(log) by extension 'ignore'
[0.330s] Level 1:colcon.colcon_core.package_identification:_identify(log) ignored
[0.330s] Level 1:colcon.colcon_core.package_identification:_identify(src) by extensions ['ignore', 'ignore_ament_install']
[0.330s] Level 1:colcon.colcon_core.package_identification:_identify(src) by extension 'ignore'
[0.330s] Level 1:colcon.colcon_core.package_identification:_identify(src) by extension 'ignore_ament_install'
[0.330s] Level 1:colcon.colcon_core.package_identification:_identify(src) by extensions ['colcon_pkg']
[0.330s] Level 1:colcon.colcon_core.package_identification:_identify(src) by extension 'colcon_pkg'
[0.330s] Level 1:colcon.colcon_core.package_identification:_identify(src) by extensions ['colcon_meta']
[0.330s] Level 1:colcon.colcon_core.package_identification:_identify(src) by extension 'colcon_meta'
[0.330s] Level 1:colcon.colcon_core.package_identification:_identify(src) by extensions ['ros']
[0.330s] Level 1:colcon.colcon_core.package_identification:_identify(src) by extension 'ros'
[0.330s] Level 1:colcon.colcon_core.package_identification:_identify(src) by extensions ['cmake', 'python']
[0.330s] Level 1:colcon.colcon_core.package_identification:_identify(src) by extension 'cmake'
[0.330s] Level 1:colcon.colcon_core.package_identification:_identify(src) by extension 'python'
[0.330s] Level 1:colcon.colcon_core.package_identification:_identify(src) by extensions ['python_setup_py']
[0.330s] Level 1:colcon.colcon_core.package_identification:_identify(src) by extension 'python_setup_py'
[0.330s] Level 1:colcon.colcon_core.package_identification:_identify(src/sensor_plugins) by extensions ['ignore', 'ignore_ament_install']
[0.330s] Level 1:colcon.colcon_core.package_identification:_identify(src/sensor_plugins) by extension 'ignore'
[0.330s] Level 1:colcon.colcon_core.package_identification:_identify(src/sensor_plugins) by extension 'ignore_ament_install'
[0.330s] Level 1:colcon.colcon_core.package_identification:_identify(src/sensor_plugins) by extensions ['colcon_pkg']
[0.330s] Level 1:colcon.colcon_core.package_identification:_identify(src/sensor_plugins) by extension 'colcon_pkg'
[0.330s] Level 1:colcon.colcon_core.package_identification:_identify(src/sensor_plugins) by extensions ['colcon_meta']
[0.330s] Level 1:colcon.colcon_core.package_identification:_identify(src/sensor_plugins) by extension 'colcon_meta'
[0.330s] Level 1:colcon.colcon_core.package_identification:_identify(src/sensor_plugins) by extensions ['ros']
[0.330s] Level 1:colcon.colcon_core.package_identification:_identify(src/sensor_plugins) by extension 'ros'
[0.333s] DEBUG:colcon.colcon_core.package_identification:Package 'src/sensor_plugins' with type 'ros.catkin' and name 'sensor_plugins'
[0.333s] Level 1:colcon.colcon_core.package_discovery:discover_packages(recursive) using defaults
[0.333s] Level 1:colcon.colcon_core.package_discovery:discover_packages(ignore) discover
[0.333s] Level 1:colcon.colcon_core.package_discovery:discover_packages(ignore) using defaults
[0.333s] Level 1:colcon.colcon_core.package_discovery:discover_packages(path) discover
[0.333s] Level 1:colcon.colcon_core.package_discovery:discover_packages(path) using defaults
[0.354s] Level 5:colcon.colcon_core.verb:set package 'sensor_plugins' build argument 'cmake_args' from command line to 'None'
[0.354s] Level 5:colcon.colcon_core.verb:set package 'sensor_plugins' build argument 'cmake_target' from command line to 'None'
[0.354s] Level 5:colcon.colcon_core.verb:set package 'sensor_plugins' build argument 'cmake_target_skip_unavailable' from command line to 'False'
[0.354s] Level 5:colcon.colcon_core.verb:set package 'sensor_plugins' build argument 'cmake_clean_cache' from command line to 'False'
[0.354s] Level 5:colcon.colcon_core.verb:set package 'sensor_plugins' build argument 'cmake_clean_first' from command line to 'False'
[0.354s] Level 5:colcon.colcon_core.verb:set package 'sensor_plugins' build argument 'cmake_force_configure' from command line to 'False'
[0.354s] Level 5:colcon.colcon_core.verb:set package 'sensor_plugins' build argument 'ament_cmake_args' from command line to 'None'
[0.354s] Level 5:colcon.colcon_core.verb:set package 'sensor_plugins' build argument 'catkin_cmake_args' from command line to 'None'
[0.354s] Level 5:colcon.colcon_core.verb:set package 'sensor_plugins' build argument 'catkin_skip_building_tests' from command line to 'False'
[0.354s] DEBUG:colcon.colcon_core.verb:Building package 'sensor_plugins' with the following arguments: {'ament_cmake_args': None, 'build_base': '/home/ros/ros2_ws/build/sensor_plugins', 'catkin_cmake_args': None, 'catkin_skip_building_tests': False, 'cmake_args': None, 'cmake_clean_cache': False, 'cmake_clean_first': False, 'cmake_force_configure': False, 'cmake_target': None, 'cmake_target_skip_unavailable': False, 'install_base': '/home/ros/ros2_ws/install/sensor_plugins', 'merge_install': False, 'path': '/home/ros/ros2_ws/src/sensor_plugins', 'symlink_install': False, 'test_result_base': None}
[0.354s] INFO:colcon.colcon_core.executor:Executing jobs using 'parallel' executor
[0.355s] DEBUG:colcon.colcon_parallel_executor.executor.parallel:run_until_complete
[0.355s] INFO:colcon.colcon_ros.task.catkin.build:Building ROS package in '/home/ros/ros2_ws/src/sensor_plugins' with build type 'catkin'
[0.355s] INFO:colcon.colcon_cmake.task.cmake.build:Building CMake package in '/home/ros/ros2_ws/src/sensor_plugins'
[0.359s] INFO:colcon.colcon_core.plugin_system:Skipping extension 'colcon_core.shell.bat': Not used on non-Windows systems
[0.360s] INFO:colcon.colcon_core.shell:Skip shell extension 'powershell' for command environment: Not usable outside of PowerShell
[0.360s] DEBUG:colcon.colcon_core.shell:Skip shell extension 'dsv' for command environment
[0.361s] WARNING:colcon.colcon_ros.prefix_path.ament:The path '/home/ros/ros2_ws/install/imu_sensor' in the environment variable AMENT_PREFIX_PATH doesn't exist
[0.361s] WARNING:colcon.colcon_ros.prefix_path.catkin:The path '/home/ros/ros2_ws/install/imu_sensor' in the environment variable CMAKE_PREFIX_PATH doesn't exist
[0.369s] DEBUG:colcon.colcon_core.event_handler.log_command:Invoking command in '/home/ros/ros2_ws/build/sensor_plugins': /usr/bin/cmake /home/ros/ros2_ws/src/sensor_plugins -DCATKIN_INSTALL_INTO_PREFIX_ROOT=0 -DCMAKE_INSTALL_PREFIX=/home/ros/ros2_ws/install/sensor_plugins
[2.118s] DEBUG:colcon.colcon_core.event_handler.log_command:Invoked command in '/home/ros/ros2_ws/build/sensor_plugins' returned '0': /usr/bin/cmake /home/ros/ros2_ws/src/sensor_plugins -DCATKIN_INSTALL_INTO_PREFIX_ROOT=0 -DCMAKE_INSTALL_PREFIX=/home/ros/ros2_ws/install/sensor_plugins
[2.119s] DEBUG:colcon.colcon_core.event_handler.log_command:Invoking command in '/home/ros/ros2_ws/build/sensor_plugins': /usr/bin/cmake --build /home/ros/ros2_ws/build/sensor_plugins -- -j8 -l8
[12.138s] DEBUG:colcon.colcon_core.event_handler.log_command:Invoked command in '/home/ros/ros2_ws/build/sensor_plugins' returned '0': /usr/bin/cmake --build /home/ros/ros2_ws/build/sensor_plugins -- -j8 -l8
[12.145s] DEBUG:colcon.colcon_core.event_handler.log_command:Invoking command in '/home/ros/ros2_ws/build/sensor_plugins': /usr/bin/cmake --install /home/ros/ros2_ws/build/sensor_plugins
[12.157s] DEBUG:colcon.colcon_core.event_handler.log_command:Invoked command in '/home/ros/ros2_ws/build/sensor_plugins' returned '0': /usr/bin/cmake --install /home/ros/ros2_ws/build/sensor_plugins
[12.157s] Level 1:colcon.colcon_core.shell:create_environment_hook('sensor_plugins', 'ros_package_path')
[12.157s] INFO:colcon.colcon_core.shell:Creating environment hook '/home/ros/ros2_ws/install/sensor_plugins/share/sensor_plugins/hook/ros_package_path.ps1'
[12.158s] INFO:colcon.colcon_core.shell:Creating environment descriptor '/home/ros/ros2_ws/install/sensor_plugins/share/sensor_plugins/hook/ros_package_path.dsv'
[12.158s] INFO:colcon.colcon_core.shell:Creating environment hook '/home/ros/ros2_ws/install/sensor_plugins/share/sensor_plugins/hook/ros_package_path.sh'
[12.159s] Level 1:colcon.colcon_core.shell:create_environment_hook('sensor_plugins', 'pkg_config_path')
[12.159s] INFO:colcon.colcon_core.shell:Creating environment hook '/home/ros/ros2_ws/install/sensor_plugins/share/sensor_plugins/hook/pkg_config_path.ps1'
[12.160s] INFO:colcon.colcon_core.shell:Creating environment descriptor '/home/ros/ros2_ws/install/sensor_plugins/share/sensor_plugins/hook/pkg_config_path.dsv'
[12.160s] INFO:colcon.colcon_core.shell:Creating environment hook '/home/ros/ros2_ws/install/sensor_plugins/share/sensor_plugins/hook/pkg_config_path.sh'
[12.161s] Level 1:colcon.colcon_core.shell:create_environment_hook('sensor_plugins', 'pkg_config_path_multiarch')
[12.161s] INFO:colcon.colcon_core.shell:Creating environment hook '/home/ros/ros2_ws/install/sensor_plugins/share/sensor_plugins/hook/pkg_config_path_multiarch.ps1'
[12.161s] INFO:colcon.colcon_core.shell:Creating environment descriptor '/home/ros/ros2_ws/install/sensor_plugins/share/sensor_plugins/hook/pkg_config_path_multiarch.dsv'
[12.162s] INFO:colcon.colcon_core.shell:Creating environment hook '/home/ros/ros2_ws/install/sensor_plugins/share/sensor_plugins/hook/pkg_config_path_multiarch.sh'
[12.162s] Level 1:colcon.colcon_core.environment:create_environment_scripts_only(sensor_plugins)
[12.166s] Level 1:colcon.colcon_core.environment:checking '/home/ros/ros2_ws/install/sensor_plugins' for CMake module files
[12.167s] Level 1:colcon.colcon_core.environment:checking '/home/ros/ros2_ws/install/sensor_plugins' for CMake config files
[12.167s] Level 1:colcon.colcon_core.shell:create_environment_hook('sensor_plugins', 'cmake_prefix_path')
[12.167s] INFO:colcon.colcon_core.shell:Creating environment hook '/home/ros/ros2_ws/install/sensor_plugins/share/sensor_plugins/hook/cmake_prefix_path.ps1'
[12.167s] INFO:colcon.colcon_core.shell:Creating environment descriptor '/home/ros/ros2_ws/install/sensor_plugins/share/sensor_plugins/hook/cmake_prefix_path.dsv'
[12.167s] INFO:colcon.colcon_core.shell:Creating environment hook '/home/ros/ros2_ws/install/sensor_plugins/share/sensor_plugins/hook/cmake_prefix_path.sh'
[12.168s] Level 1:colcon.colcon_core.environment:checking '/home/ros/ros2_ws/install/sensor_plugins/lib'
[12.168s] Level 1:colcon.colcon_core.shell:create_environment_hook('sensor_plugins', 'ld_library_path_lib')
[12.168s] INFO:colcon.colcon_core.shell:Creating environment hook '/home/ros/ros2_ws/install/sensor_plugins/share/sensor_plugins/hook/ld_library_path_lib.ps1'
[12.168s] INFO:colcon.colcon_core.shell:Creating environment descriptor '/home/ros/ros2_ws/install/sensor_plugins/share/sensor_plugins/hook/ld_library_path_lib.dsv'
[12.169s] INFO:colcon.colcon_core.shell:Creating environment hook '/home/ros/ros2_ws/install/sensor_plugins/share/sensor_plugins/hook/ld_library_path_lib.sh'
[12.169s] Level 1:colcon.colcon_core.environment:checking '/home/ros/ros2_ws/install/sensor_plugins/bin'
[12.169s] Level 1:colcon.colcon_core.environment:checking '/home/ros/ros2_ws/install/sensor_plugins/lib/pkgconfig/sensor_plugins.pc'
[12.170s] Level 1:colcon.colcon_core.environment:checking '/home/ros/ros2_ws/install/sensor_plugins/lib/python3.10/site-packages'
[12.170s] Level 1:colcon.colcon_core.environment:checking '/home/ros/ros2_ws/install/sensor_plugins/bin'
[12.171s] INFO:colcon.colcon_core.shell:Creating package script '/home/ros/ros2_ws/install/sensor_plugins/share/sensor_plugins/package.ps1'
[12.172s] INFO:colcon.colcon_core.shell:Creating package descriptor '/home/ros/ros2_ws/install/sensor_plugins/share/sensor_plugins/package.dsv'
[12.172s] INFO:colcon.colcon_core.shell:Creating package script '/home/ros/ros2_ws/install/sensor_plugins/share/sensor_plugins/package.sh'
[12.173s] INFO:colcon.colcon_core.shell:Creating package script '/home/ros/ros2_ws/install/sensor_plugins/share/sensor_plugins/package.bash'
[12.174s] INFO:colcon.colcon_core.shell:Creating package script '/home/ros/ros2_ws/install/sensor_plugins/share/sensor_plugins/package.zsh'
[12.175s] Level 1:colcon.colcon_core.environment:create_file_with_runtime_dependencies(/home/ros/ros2_ws/install/sensor_plugins/share/colcon-core/packages/sensor_plugins)
[12.176s] DEBUG:colcon.colcon_parallel_executor.executor.parallel:closing loop
[12.176s] DEBUG:colcon.colcon_parallel_executor.executor.parallel:loop closed
[12.176s] DEBUG:colcon.colcon_parallel_executor.executor.parallel:run_until_complete finished with '0'
[12.176s] DEBUG:colcon.colcon_core.event_reactor:joining thread
[12.209s] INFO:colcon.colcon_core.plugin_system:Skipping extension 'colcon_notification.desktop_notification.notify_send': Could not find 'notify-send'
[12.209s] INFO:colcon.colcon_core.plugin_system:Skipping extension 'colcon_notification.desktop_notification.terminal_notifier': Not used on non-Darwin systems
[12.209s] INFO:colcon.colcon_core.plugin_system:Skipping extension 'colcon_notification.desktop_notification.win32': Not used on non-Windows systems
[12.209s] INFO:colcon.colcon_notification.desktop_notification:Sending desktop notification using 'notify2'
[12.214s] DEBUG:colcon.colcon_notification.desktop_notification.notify2:Failed to initialize notify2: org.freedesktop.DBus.Error.Spawn.ExecFailed: /usr/bin/dbus-launch terminated abnormally without any error message
[12.215s] DEBUG:colcon.colcon_core.event_reactor:joined thread
[12.215s] INFO:colcon.colcon_core.shell:Creating prefix script '/home/ros/ros2_ws/install/local_setup.ps1'
[12.216s] INFO:colcon.colcon_core.shell:Creating prefix util module '/home/ros/ros2_ws/install/_local_setup_util_ps1.py'
[12.218s] INFO:colcon.colcon_core.shell:Creating prefix chain script '/home/ros/ros2_ws/install/setup.ps1'
[12.219s] INFO:colcon.colcon_core.shell:Creating prefix script '/home/ros/ros2_ws/install/local_setup.sh'
[12.219s] INFO:colcon.colcon_core.shell:Creating prefix util module '/home/ros/ros2_ws/install/_local_setup_util_sh.py'
[12.220s] INFO:colcon.colcon_core.shell:Creating prefix chain script '/home/ros/ros2_ws/install/setup.sh'
[12.221s] INFO:colcon.colcon_core.shell:Creating prefix script '/home/ros/ros2_ws/install/local_setup.bash'
[12.221s] INFO:colcon.colcon_core.shell:Creating prefix chain script '/home/ros/ros2_ws/install/setup.bash'
[12.222s] INFO:colcon.colcon_core.shell:Creating prefix script '/home/ros/ros2_ws/install/local_setup.zsh'
[12.222s] INFO:colcon.colcon_core.shell:Creating prefix chain script '/home/ros/ros2_ws/install/setup.zsh'
