[0.011s] Invoking command in '/home/ros/ros2_ws/build/sensor_plugins': /usr/bin/cmake /home/ros/ros2_ws/src/sensor_plugins -DCATKIN_INSTALL_INTO_PREFIX_ROOT=0 -DCMAKE_INSTALL_PREFIX=/home/ros/ros2_ws/install/sensor_plugins
[0.113s] -- The C compiler identification is GNU 11.4.0
[0.184s] -- The CXX compiler identification is GNU 11.4.0
[0.192s] -- Detecting C compiler ABI info
[0.246s] -- Detecting C compiler ABI info - done
[0.252s] -- Check for working C compiler: /usr/bin/cc - skipped
[0.252s] -- Detecting C compile features
[0.253s] -- Detecting C compile features - done
[0.256s] -- Detecting CXX compiler ABI info
[0.314s] -- Detecting CXX compiler ABI info - done
[0.321s] -- Check for working CXX compiler: /usr/bin/c++ - skipped
[0.321s] -- Detecting CXX compile features
[0.321s] -- Detecting CXX compile features - done
[0.328s] -- Found ament_cmake: 1.3.11 (/opt/ros/humble/share/ament_cmake/cmake)
[0.446s] -- Found Python3: /usr/bin/python3 (found version "3.10.12") found components: Interpreter 
[0.524s] -- Found rclcpp: 16.0.12 (/opt/ros/humble/share/rclcpp/cmake)
[0.568s] -- Found rosidl_generator_c: 3.1.6 (/opt/ros/humble/share/rosidl_generator_c/cmake)
[0.573s] -- Found rosidl_adapter: 3.1.6 (/opt/ros/humble/share/rosidl_adapter/cmake)
[0.581s] -- Found rosidl_generator_cpp: 3.1.6 (/opt/ros/humble/share/rosidl_generator_cpp/cmake)
[0.594s] -- Using all available rosidl_typesupport_c: rosidl_typesupport_fastrtps_c;rosidl_typesupport_introspection_c
[0.612s] -- Using all available rosidl_typesupport_cpp: rosidl_typesupport_fastrtps_cpp;rosidl_typesupport_introspection_cpp
[0.656s] -- Found rmw_implementation_cmake: 6.1.2 (/opt/ros/humble/share/rmw_implementation_cmake/cmake)
[0.658s] -- Found rmw_fastrtps_cpp: 6.2.7 (/opt/ros/humble/share/rmw_fastrtps_cpp/cmake)
[0.736s] -- Found OpenSSL: /usr/lib/x86_64-linux-gnu/libcrypto.so (found version "3.0.2")  
[0.761s] -- Found FastRTPS: /opt/ros/humble/include  
[0.799s] -- Using RMW implementation 'rmw_fastrtps_cpp' as default
[0.809s] -- Looking for pthread.h
[0.871s] -- Looking for pthread.h - found
[0.871s] -- Performing Test CMAKE_HAVE_LIBC_PTHREAD
[0.926s] -- Performing Test CMAKE_HAVE_LIBC_PTHREAD - Success
[0.927s] -- Found Threads: TRUE  
[0.979s] -- Found gazebo_ros: 3.9.0 (/opt/ros/humble/share/gazebo_ros/cmake)
[0.988s] -- Found PkgConfig: /usr/bin/pkg-config (found version "0.29.2") 
[0.989s] -- Checking for module 'bullet>=2.82'
[0.997s] --   Found bullet, version 3.05
[1.075s] -- Found fcl: /usr/include (found suitable version "0.7.0", minimum required is "0.5.0") 
[1.107s] -- Found assimp: /usr/include (found version "5.2.0") 
[1.127s] -- Found DART: /usr/include (Required is at least version "6.6") found components: dart 
[1.146s] -- Found Boost: /usr/lib/x86_64-linux-gnu/cmake/Boost-1.74.0/BoostConfig.cmake (found suitable version "1.74.0", minimum required is "1.40.0") found components: thread system filesystem program_options regex iostreams date_time 
[1.160s] -- Found Protobuf: /usr/lib/x86_64-linux-gnu/libprotobuf.so (found version "3.12.4") 
[1.165s] -- Looking for ignition-math6 -- found version 6.15.1
[1.171s] -- Searching for dependencies of ignition-math6
[1.173s] -- Looking for OGRE...
[1.173s] -- OGRE_PREFIX_WATCH changed.
[1.177s] -- Checking for module 'OGRE'
[1.185s] --   Found OGRE, version 1.9.0
[1.206s] -- Found Ogre Ghadamon (1.9.0)
[1.210s] -- Found OGRE: optimized;/usr/lib/x86_64-linux-gnu/libOgreMain.so;debug;/usr/lib/x86_64-linux-gnu/libOgreMain.so
[1.218s] -- Looking for OGRE_Paging...
[1.221s] -- Found OGRE_Paging: optimized;/usr/lib/x86_64-linux-gnu/libOgrePaging.so;debug;/usr/lib/x86_64-linux-gnu/libOgrePaging.so
[1.221s] -- Looking for OGRE_Terrain...
[1.223s] -- Found OGRE_Terrain: optimized;/usr/lib/x86_64-linux-gnu/libOgreTerrain.so;debug;/usr/lib/x86_64-linux-gnu/libOgreTerrain.so
[1.223s] -- Looking for OGRE_Property...
[1.226s] -- Found OGRE_Property: optimized;/usr/lib/x86_64-linux-gnu/libOgreProperty.so;debug;/usr/lib/x86_64-linux-gnu/libOgreProperty.so
[1.226s] -- Looking for OGRE_RTShaderSystem...
[1.229s] -- Found OGRE_RTShaderSystem: optimized;/usr/lib/x86_64-linux-gnu/libOgreRTShaderSystem.so;debug;/usr/lib/x86_64-linux-gnu/libOgreRTShaderSystem.so
[1.229s] -- Looking for OGRE_Volume...
[1.231s] -- Found OGRE_Volume: optimized;/usr/lib/x86_64-linux-gnu/libOgreVolume.so;debug;/usr/lib/x86_64-linux-gnu/libOgreVolume.so
[1.231s] -- Looking for OGRE_Overlay...
[1.234s] -- Found OGRE_Overlay: optimized;/usr/lib/x86_64-linux-gnu/libOgreOverlay.so;debug;/usr/lib/x86_64-linux-gnu/libOgreOverlay.so
[1.290s] -- Looking for ignition-math6 -- found version 6.15.1
[1.292s] -- Looking for ignition-transport8 -- found version 8.2.1
[1.292s] -- Searching for dependencies of ignition-transport8
[1.308s] -- Found Protobuf: /usr/lib/x86_64-linux-gnu/libprotobuf.so (found suitable version "3.12.4", minimum required is "3") 
[1.319s] -- Config-file not installed for ZeroMQ -- checking for pkg-config
[1.323s] -- Checking for module 'libzmq >= 4'
[1.334s] --   Found libzmq , version 4.3.4
[1.357s] -- Found ZeroMQ: TRUE (Required is at least version "4") 
[1.361s] -- Checking for module 'uuid'
[1.369s] --   Found uuid, version 2.37.2
[1.391s] -- Found UUID: TRUE  
[1.393s] -- Looking for ignition-msgs5 -- found version 5.8.1
[1.393s] -- Searching for dependencies of ignition-msgs5
[1.411s] -- Looking for ignition-math6 -- found version 6.15.1
[1.415s] -- Checking for module 'tinyxml2'
[1.423s] --   Found tinyxml2, version 9.0.0
[1.445s] -- Looking for ignition-msgs5 -- found version 5.8.1
[1.447s] -- Looking for ignition-common3 -- found version 3.14.0
[1.447s] -- Searching for dependencies of ignition-common3
[1.447s] -- Looking for dlfcn.h - found
[1.448s] -- Looking for libdl - found
[1.449s] -- Found DL: TRUE  
[1.458s] -- Found tinyobjloader: /usr/lib/x86_64-linux-gnu/cmake/tinyobjloader/tinyobjloader-config.cmake (found version "2.0.0") 
[1.458s] -- Searching for <ignition-common3> component [graphics]
[1.461s] -- Looking for ignition-common3-graphics -- found version 3.14.0
[1.461s] -- Searching for dependencies of ignition-common3-graphics
[1.461s] -- Looking for ignition-math6 -- found version 6.15.1
[1.464s] -- Looking for ignition-fuel_tools4 -- found version 4.4.0
[1.464s] -- Searching for dependencies of ignition-fuel_tools4
[1.518s] -- Found CURL: /usr/lib/x86_64-linux-gnu/libcurl.so (found version "7.81.0")  
[1.525s] -- Checking for module 'jsoncpp'
[1.534s] --   Found jsoncpp, version 1.9.5
[1.555s] -- Found JSONCPP: TRUE  
[1.559s] -- Checking for module 'libzip'
[1.567s] --   Found libzip, version 1.7.3
[1.588s] -- Found ZIP: TRUE  
[1.588s] -- Looking for ignition-common3 -- found version 3.14.0
[1.589s] -- Looking for ignition-math6 -- found version 6.15.1
[1.589s] -- Looking for ignition-msgs5 -- found version 5.8.1
[1.592s] -- Gazebo version: 11.10
[1.593s] -- Checking for module 'tbb'
[1.601s] --   Found tbb, version 2021.5.0
[1.624s] -- Found sensor_msgs: 4.9.0 (/opt/ros/humble/share/sensor_msgs/cmake)
[1.664s] [31mCMake Error at CMakeLists.txt:10 (find_package):
[1.664s]   By not providing "Findignition-plugin2.cmake" in CMAKE_MODULE_PATH this
[1.665s]   project has asked CMake to find a package configuration file provided by
[1.665s]   "ignition-plugin2", but CMake did not find one.
[1.665s] 
[1.665s]   Could not find a package configuration file provided by "ignition-plugin2"
[1.665s]   with any of the following names:
[1.665s] 
[1.665s]     ignition-plugin2Config.cmake
[1.665s]     ignition-plugin2-config.cmake
[1.665s] 
[1.665s]   Add the installation prefix of "ignition-plugin2" to CMAKE_PREFIX_PATH or
[1.665s]   set "ignition-plugin2_DIR" to a directory containing one of the above
[1.665s]   files.  If "ignition-plugin2" provides a separate development package or
[1.665s]   SDK, be sure it has been installed.
[1.665s] 
[1.665s] [0m
[1.665s] -- Configuring incomplete, errors occurred!
[1.665s] See also "/home/ros/ros2_ws/build/sensor_plugins/CMakeFiles/CMakeOutput.log".
[1.673s] Invoked command in '/home/ros/ros2_ws/build/sensor_plugins' returned '1': /usr/bin/cmake /home/ros/ros2_ws/src/sensor_plugins -DCATKIN_INSTALL_INTO_PREFIX_ROOT=0 -DCMAKE_INSTALL_PREFIX=/home/ros/ros2_ws/install/sensor_plugins
