[0.030s] Invoking command in '/home/ros/ros2_ws/build/sensor_plugins': /usr/bin/cmake /home/ros/ros2_ws/src/sensor_plugins -DCATKIN_INSTALL_INTO_PREFIX_ROOT=0 -DCMAKE_INSTALL_PREFIX=/home/ros/ros2_ws/install/sensor_plugins
[0.240s] -- The C compiler identification is GNU 11.4.0
[0.415s] -- The CXX compiler identification is GNU 11.4.0
[0.430s] -- Detecting C compiler ABI info
[0.569s] -- Detecting C compiler ABI info - done
[0.585s] -- Check for working C compiler: /usr/bin/cc - skipped
[0.585s] -- Detecting C compile features
[0.587s] -- Detecting C compile features - done
[0.595s] -- Detecting CXX compiler ABI info
[0.770s] -- Detecting CXX compiler ABI info - done
[0.792s] -- Check for working CXX compiler: /usr/bin/c++ - skipped
[0.792s] -- Detecting CXX compile features
[0.793s] -- Detecting CXX compile features - done
[0.813s] -- Found ament_cmake: 1.3.11 (/opt/ros/humble/share/ament_cmake/cmake)
[1.046s] -- Found Python3: /usr/bin/python3 (found version "3.10.12") found components: Interpreter 
[1.231s] -- Found rclcpp: 16.0.12 (/opt/ros/humble/share/rclcpp/cmake)
[1.337s] -- Found rosidl_generator_c: 3.1.6 (/opt/ros/humble/share/rosidl_generator_c/cmake)
[1.352s] -- Found rosidl_adapter: 3.1.6 (/opt/ros/humble/share/rosidl_adapter/cmake)
[1.379s] -- Found rosidl_generator_cpp: 3.1.6 (/opt/ros/humble/share/rosidl_generator_cpp/cmake)
[1.411s] -- Using all available rosidl_typesupport_c: rosidl_typesupport_fastrtps_c;rosidl_typesupport_introspection_c
[1.458s] -- Using all available rosidl_typesupport_cpp: rosidl_typesupport_fastrtps_cpp;rosidl_typesupport_introspection_cpp
[1.547s] -- Found rmw_implementation_cmake: 6.1.2 (/opt/ros/humble/share/rmw_implementation_cmake/cmake)
[1.552s] -- Found rmw_fastrtps_cpp: 6.2.7 (/opt/ros/humble/share/rmw_fastrtps_cpp/cmake)
[1.718s] -- Found OpenSSL: /usr/lib/x86_64-linux-gnu/libcrypto.so (found version "3.0.2")  
[1.774s] -- Found FastRTPS: /opt/ros/humble/include  
[1.845s] -- Using RMW implementation 'rmw_fastrtps_cpp' as default
[1.858s] -- Looking for pthread.h
[1.995s] -- Looking for pthread.h - found
[1.996s] -- Performing Test CMAKE_HAVE_LIBC_PTHREAD
[2.132s] -- Performing Test CMAKE_HAVE_LIBC_PTHREAD - Success
[2.133s] -- Found Threads: TRUE  
[2.262s] -- Found gazebo_ros: 3.9.0 (/opt/ros/humble/share/gazebo_ros/cmake)
[2.284s] -- Found PkgConfig: /usr/bin/pkg-config (found version "0.29.2") 
[2.290s] -- Checking for module 'bullet>=2.82'
[2.321s] --   Found bullet, version 3.05
[2.544s] -- Found fcl: /usr/include (found suitable version "0.7.0", minimum required is "0.5.0") 
[2.625s] -- Found assimp: /usr/include (found version "5.2.0") 
[2.655s] -- Found DART: /usr/include (Required is at least version "6.6") found components: dart 
[2.711s] -- Found Boost: /usr/lib/x86_64-linux-gnu/cmake/Boost-1.74.0/BoostConfig.cmake (found suitable version "1.74.0", minimum required is "1.40.0") found components: thread system filesystem program_options regex iostreams date_time 
[2.753s] -- Found Protobuf: /usr/lib/x86_64-linux-gnu/libprotobuf.so (found version "3.12.4") 
[2.761s] -- Looking for ignition-math6 -- found version 6.15.1
[2.788s] -- Searching for dependencies of ignition-math6
[2.789s] -- Looking for OGRE...
[2.790s] -- OGRE_PREFIX_WATCH changed.
[2.805s] -- Checking for module 'OGRE'
[2.828s] --   Found OGRE, version 1.9.0
[2.898s] -- Found Ogre Ghadamon (1.9.0)
[2.908s] -- Found OGRE: optimized;/usr/lib/x86_64-linux-gnu/libOgreMain.so;debug;/usr/lib/x86_64-linux-gnu/libOgreMain.so
[2.924s] -- Looking for OGRE_Paging...
[2.942s] -- Found OGRE_Paging: optimized;/usr/lib/x86_64-linux-gnu/libOgrePaging.so;debug;/usr/lib/x86_64-linux-gnu/libOgrePaging.so
[2.942s] -- Looking for OGRE_Terrain...
[2.945s] -- Found OGRE_Terrain: optimized;/usr/lib/x86_64-linux-gnu/libOgreTerrain.so;debug;/usr/lib/x86_64-linux-gnu/libOgreTerrain.so
[2.945s] -- Looking for OGRE_Property...
[2.948s] -- Found OGRE_Property: optimized;/usr/lib/x86_64-linux-gnu/libOgreProperty.so;debug;/usr/lib/x86_64-linux-gnu/libOgreProperty.so
[2.948s] -- Looking for OGRE_RTShaderSystem...
[2.953s] -- Found OGRE_RTShaderSystem: optimized;/usr/lib/x86_64-linux-gnu/libOgreRTShaderSystem.so;debug;/usr/lib/x86_64-linux-gnu/libOgreRTShaderSystem.so
[2.953s] -- Looking for OGRE_Volume...
[2.958s] -- Found OGRE_Volume: optimized;/usr/lib/x86_64-linux-gnu/libOgreVolume.so;debug;/usr/lib/x86_64-linux-gnu/libOgreVolume.so
[2.958s] -- Looking for OGRE_Overlay...
[2.963s] -- Found OGRE_Overlay: optimized;/usr/lib/x86_64-linux-gnu/libOgreOverlay.so;debug;/usr/lib/x86_64-linux-gnu/libOgreOverlay.so
[3.151s] -- Looking for ignition-math6 -- found version 6.15.1
[3.155s] -- Looking for ignition-transport8 -- found version 8.2.1
[3.156s] -- Searching for dependencies of ignition-transport8
[3.188s] -- Found Protobuf: /usr/lib/x86_64-linux-gnu/libprotobuf.so (found suitable version "3.12.4", minimum required is "3") 
[3.207s] -- Config-file not installed for ZeroMQ -- checking for pkg-config
[3.211s] -- Checking for module 'libzmq >= 4'
[3.233s] --   Found libzmq , version 4.3.4
[3.291s] -- Found ZeroMQ: TRUE (Required is at least version "4") 
[3.301s] -- Checking for module 'uuid'
[3.321s] --   Found uuid, version 2.37.2
[3.394s] -- Found UUID: TRUE  
[3.398s] -- Looking for ignition-msgs5 -- found version 5.8.1
[3.398s] -- Searching for dependencies of ignition-msgs5
[3.436s] -- Looking for ignition-math6 -- found version 6.15.1
[3.452s] -- Checking for module 'tinyxml2'
[3.477s] --   Found tinyxml2, version 9.0.0
[3.552s] -- Looking for ignition-msgs5 -- found version 5.8.1
[3.557s] -- Looking for ignition-common3 -- found version 3.14.0
[3.558s] -- Searching for dependencies of ignition-common3
[3.559s] -- Looking for dlfcn.h - found
[3.560s] -- Looking for libdl - found
[3.562s] -- Found DL: TRUE  
[3.584s] -- Found tinyobjloader: /usr/lib/x86_64-linux-gnu/cmake/tinyobjloader/tinyobjloader-config.cmake (found version "2.0.0") 
[3.589s] -- Searching for <ignition-common3> component [graphics]
[3.594s] -- Looking for ignition-common3-graphics -- found version 3.14.0
[3.595s] -- Searching for dependencies of ignition-common3-graphics
[3.595s] -- Looking for ignition-math6 -- found version 6.15.1
[3.607s] -- Looking for ignition-fuel_tools4 -- found version 4.4.0
[3.607s] -- Searching for dependencies of ignition-fuel_tools4
[3.737s] -- Found CURL: /usr/lib/x86_64-linux-gnu/libcurl.so (found version "7.81.0")  
[3.764s] -- Checking for module 'jsoncpp'
[3.785s] --   Found jsoncpp, version 1.9.5
[3.857s] -- Found JSONCPP: TRUE  
[3.863s] -- Checking for module 'libzip'
[3.892s] --   Found libzip, version 1.7.3
[3.964s] -- Found ZIP: TRUE  
[3.966s] -- Looking for ignition-common3 -- found version 3.14.0
[3.966s] -- Looking for ignition-math6 -- found version 6.15.1
[3.966s] -- Looking for ignition-msgs5 -- found version 5.8.1
[3.974s] -- Gazebo version: 11.10
[3.975s] -- Checking for module 'tbb'
[4.007s] --   Found tbb, version 2021.5.0
[4.066s] -- Found sensor_msgs: 4.9.0 (/opt/ros/humble/share/sensor_msgs/cmake)
[4.137s] -- Looking for ignition-transport11 -- found version 11.4.1
[4.138s] -- Searching for dependencies of ignition-transport11
[4.175s] -- Found Protobuf: /usr/lib/x86_64-linux-gnu/libprotobuf.so (found version "3.12.4") 
[4.204s] -- Config-file not installed for ZeroMQ -- checking for pkg-config
[4.211s] -- Checking for module 'libzmq >= 4'
[4.240s] --   Found libzmq , version 4.3.4
[4.350s] -- Looking for ignition-utils1 -- found version 1.5.1
[4.351s] -- Searching for dependencies of ignition-utils1
[4.355s] -- Searching for <ignition-utils1> component [cli]
[4.361s] -- Looking for ignition-utils1-cli -- found version 1.5.1
[4.361s] -- Searching for dependencies of ignition-utils1-cli
[4.373s] -- Looking for ignition-msgs8 -- found version 8.7.0
[4.374s] -- Searching for dependencies of ignition-msgs8
[4.413s] -- Found Protobuf: /usr/lib/x86_64-linux-gnu/libprotobuf.so (found suitable version "3.12.4", minimum required is "3") 
[4.413s] -- Looking for ignition-math6 -- found version 6.15.1
[4.567s] -- Configuring done
[4.706s] -- Generating done
[4.712s] [33mCMake Warning:
[4.712s]   Manually-specified variables were not used by the project:
[4.713s] 
[4.713s]     CATKIN_INSTALL_INTO_PREFIX_ROOT
[4.713s] 
[4.713s] [0m
[4.722s] -- Build files have been written to: /home/ros/ros2_ws/build/sensor_plugins
[4.757s] Invoked command in '/home/ros/ros2_ws/build/sensor_plugins' returned '0': /usr/bin/cmake /home/ros/ros2_ws/src/sensor_plugins -DCATKIN_INSTALL_INTO_PREFIX_ROOT=0 -DCMAKE_INSTALL_PREFIX=/home/ros/ros2_ws/install/sensor_plugins
[4.758s] Invoking command in '/home/ros/ros2_ws/build/sensor_plugins': /usr/bin/cmake --build /home/ros/ros2_ws/build/sensor_plugins -- -j8 -l8
[4.830s] [35m[1mConsolidate compiler generated dependencies of target imu_plugin[0m
[4.941s] [ 50%] [32mBuilding CXX object CMakeFiles/imu_plugin.dir/src/imu_plugin.cpp.o[0m
[79.065s] [100%] [32m[1mLinking CXX shared library libimu_plugin.so[0m
[79.984s] [100%] Built target imu_plugin
[79.995s] Invoked command in '/home/ros/ros2_ws/build/sensor_plugins' returned '0': /usr/bin/cmake --build /home/ros/ros2_ws/build/sensor_plugins -- -j8 -l8
[80.004s] Invoking command in '/home/ros/ros2_ws/build/sensor_plugins': /usr/bin/cmake --install /home/ros/ros2_ws/build/sensor_plugins
[80.012s] -- Install configuration: ""
[80.013s] -- Installing: /home/ros/ros2_ws/install/sensor_plugins/lib/libimu_plugin.so
[80.015s] -- Set runtime path of "/home/ros/ros2_ws/install/sensor_plugins/lib/libimu_plugin.so" to ""
[80.015s] -- Up-to-date: /home/ros/ros2_ws/install/sensor_plugins/include
[80.015s] -- Up-to-date: /home/ros/ros2_ws/install/sensor_plugins/include/sensor_plugins
[80.016s] -- Up-to-date: /home/ros/ros2_ws/install/sensor_plugins/share/ament_index/resource_index/package_run_dependencies/sensor_plugins
[80.016s] -- Installing: /home/ros/ros2_ws/install/sensor_plugins/share/ament_index/resource_index/parent_prefix_path/sensor_plugins
[80.018s] -- Up-to-date: /home/ros/ros2_ws/install/sensor_plugins/share/sensor_plugins/environment/ament_prefix_path.sh
[80.018s] -- Installing: /home/ros/ros2_ws/install/sensor_plugins/share/sensor_plugins/environment/ament_prefix_path.dsv
[80.018s] -- Up-to-date: /home/ros/ros2_ws/install/sensor_plugins/share/sensor_plugins/environment/path.sh
[80.018s] -- Installing: /home/ros/ros2_ws/install/sensor_plugins/share/sensor_plugins/environment/path.dsv
[80.019s] -- Up-to-date: /home/ros/ros2_ws/install/sensor_plugins/share/sensor_plugins/local_setup.bash
[80.019s] -- Up-to-date: /home/ros/ros2_ws/install/sensor_plugins/share/sensor_plugins/local_setup.sh
[80.019s] -- Up-to-date: /home/ros/ros2_ws/install/sensor_plugins/share/sensor_plugins/local_setup.zsh
[80.019s] -- Installing: /home/ros/ros2_ws/install/sensor_plugins/share/sensor_plugins/local_setup.dsv
[80.019s] -- Installing: /home/ros/ros2_ws/install/sensor_plugins/share/sensor_plugins/package.dsv
[80.019s] -- Up-to-date: /home/ros/ros2_ws/install/sensor_plugins/share/ament_index/resource_index/packages/sensor_plugins
[80.019s] -- Up-to-date: /home/ros/ros2_ws/install/sensor_plugins/share/sensor_plugins/cmake/sensor_pluginsConfig.cmake
[80.020s] -- Up-to-date: /home/ros/ros2_ws/install/sensor_plugins/share/sensor_plugins/cmake/sensor_pluginsConfig-version.cmake
[80.020s] -- Up-to-date: /home/ros/ros2_ws/install/sensor_plugins/share/sensor_plugins/package.xml
[80.021s] Invoked command in '/home/ros/ros2_ws/build/sensor_plugins' returned '0': /usr/bin/cmake --install /home/ros/ros2_ws/build/sensor_plugins
