[0.010s] Invoking command in '/home/ros/ros2_ws/build/sensor_plugins': /usr/bin/cmake /home/ros/ros2_ws/src/sensor_plugins -DCATKIN_INSTALL_INTO_PREFIX_ROOT=0 -DCMAKE_INSTALL_PREFIX=/home/ros/ros2_ws/install/sensor_plugins
[0.057s] -- The C compiler identification is GNU 11.4.0
[0.099s] -- The CXX compiler identification is GNU 11.4.0
[0.106s] -- Detecting C compiler ABI info
[0.156s] -- Detecting C compiler ABI info - done
[0.162s] -- Check for working C compiler: /usr/bin/cc - skipped
[0.163s] -- Detecting C compile features
[0.163s] -- Detecting C compile features - done
[0.166s] -- Detecting CXX compiler ABI info
[0.224s] -- Detecting CXX compiler ABI info - done
[0.231s] -- Check for working CXX compiler: /usr/bin/c++ - skipped
[0.231s] -- Detecting CXX compile features
[0.231s] -- Detecting CXX compile features - done
[0.234s] -- Found ament_cmake: 1.3.11 (/opt/ros/humble/share/ament_cmake/cmake)
[0.353s] -- Found Python3: /usr/bin/python3 (found version "3.10.12") found components: Interpreter 
[0.429s] -- Found rclcpp: 16.0.12 (/opt/ros/humble/share/rclcpp/cmake)
[0.466s] -- Found rosidl_generator_c: 3.1.6 (/opt/ros/humble/share/rosidl_generator_c/cmake)
[0.470s] -- Found rosidl_adapter: 3.1.6 (/opt/ros/humble/share/rosidl_adapter/cmake)
[0.478s] -- Found rosidl_generator_cpp: 3.1.6 (/opt/ros/humble/share/rosidl_generator_cpp/cmake)
[0.489s] -- Using all available rosidl_typesupport_c: rosidl_typesupport_fastrtps_c;rosidl_typesupport_introspection_c
[0.504s] -- Using all available rosidl_typesupport_cpp: rosidl_typesupport_fastrtps_cpp;rosidl_typesupport_introspection_cpp
[0.547s] -- Found rmw_implementation_cmake: 6.1.2 (/opt/ros/humble/share/rmw_implementation_cmake/cmake)
[0.549s] -- Found rmw_fastrtps_cpp: 6.2.7 (/opt/ros/humble/share/rmw_fastrtps_cpp/cmake)
[0.618s] -- Found OpenSSL: /usr/lib/x86_64-linux-gnu/libcrypto.so (found version "3.0.2")  
[0.642s] -- Found FastRTPS: /opt/ros/humble/include  
[0.679s] -- Using RMW implementation 'rmw_fastrtps_cpp' as default
[0.687s] -- Looking for pthread.h
[0.746s] -- Looking for pthread.h - found
[0.746s] -- Performing Test CMAKE_HAVE_LIBC_PTHREAD
[0.802s] -- Performing Test CMAKE_HAVE_LIBC_PTHREAD - Success
[0.803s] -- Found Threads: TRUE  
[0.851s] -- Found sensor_msgs: 4.9.0 (/opt/ros/humble/share/sensor_msgs/cmake)
[0.889s] [31mCMake Error at CMakeLists.txt:10 (find_package):
[0.889s]   By not providing "Findgz-sim7.cmake" in CMAKE_MODULE_PATH this project has
[0.889s]   asked CMake to find a package configuration file provided by "gz-sim7", but
[0.889s]   CMake did not find one.
[0.889s] 
[0.889s]   Could not find a package configuration file provided by "gz-sim7" with any
[0.889s]   of the following names:
[0.889s] 
[0.890s]     gz-sim7Config.cmake
[0.890s]     gz-sim7-config.cmake
[0.890s] 
[0.890s]   Add the installation prefix of "gz-sim7" to CMAKE_PREFIX_PATH or set
[0.890s]   "gz-sim7_DIR" to a directory containing one of the above files.  If
[0.890s]   "gz-sim7" provides a separate development package or SDK, be sure it has
[0.890s]   been installed.
[0.890s] 
[0.890s] [0m
[0.890s] -- Configuring incomplete, errors occurred!
[0.890s] See also "/home/ros/ros2_ws/build/sensor_plugins/CMakeFiles/CMakeOutput.log".
[0.896s] Invoked command in '/home/ros/ros2_ws/build/sensor_plugins' returned '1': /usr/bin/cmake /home/ros/ros2_ws/src/sensor_plugins -DCATKIN_INSTALL_INTO_PREFIX_ROOT=0 -DCMAKE_INSTALL_PREFIX=/home/ros/ros2_ws/install/sensor_plugins
