[0.014s] Invoking command in '/home/ros/ros2_ws/build/sensor_plugins': /usr/bin/cmake /home/ros/ros2_ws/src/sensor_plugins -DCATKIN_INSTALL_INTO_PREFIX_ROOT=0 -DCMAKE_INSTALL_PREFIX=/home/ros/ros2_ws/install/sensor_plugins
[0.132s] -- The C compiler identification is GNU 11.4.0
[0.202s] -- The CXX compiler identification is GNU 11.4.0
[0.210s] -- Detecting C compiler ABI info
[0.262s] -- Detecting C compiler ABI info - done
[0.268s] -- Check for working C compiler: /usr/bin/cc - skipped
[0.268s] -- Detecting C compile features
[0.269s] -- Detecting C compile features - done
[0.271s] -- Detecting CXX compiler ABI info
[0.329s] -- Detecting CXX compiler ABI info - done
[0.335s] -- Check for working CXX compiler: /usr/bin/c++ - skipped
[0.336s] -- Detecting CXX compile features
[0.336s] -- Detecting CXX compile features - done
[0.342s] -- Found ament_cmake: 1.3.11 (/opt/ros/humble/share/ament_cmake/cmake)
[0.458s] -- Found Python3: /usr/bin/python3 (found version "3.10.12") found components: Interpreter 
[0.537s] -- Found rclcpp: 16.0.12 (/opt/ros/humble/share/rclcpp/cmake)
[0.580s] -- Found rosidl_generator_c: 3.1.6 (/opt/ros/humble/share/rosidl_generator_c/cmake)
[0.585s] -- Found rosidl_adapter: 3.1.6 (/opt/ros/humble/share/rosidl_adapter/cmake)
[0.593s] -- Found rosidl_generator_cpp: 3.1.6 (/opt/ros/humble/share/rosidl_generator_cpp/cmake)
[0.606s] -- Using all available rosidl_typesupport_c: rosidl_typesupport_fastrtps_c;rosidl_typesupport_introspection_c
[0.622s] -- Using all available rosidl_typesupport_cpp: rosidl_typesupport_fastrtps_cpp;rosidl_typesupport_introspection_cpp
[0.665s] -- Found rmw_implementation_cmake: 6.1.2 (/opt/ros/humble/share/rmw_implementation_cmake/cmake)
[0.668s] -- Found rmw_fastrtps_cpp: 6.2.7 (/opt/ros/humble/share/rmw_fastrtps_cpp/cmake)
[0.744s] -- Found OpenSSL: /usr/lib/x86_64-linux-gnu/libcrypto.so (found version "3.0.2")  
[0.775s] -- Found FastRTPS: /opt/ros/humble/include  
[0.812s] -- Using RMW implementation 'rmw_fastrtps_cpp' as default
[0.821s] -- Looking for pthread.h
[0.875s] -- Looking for pthread.h - found
[0.875s] -- Performing Test CMAKE_HAVE_LIBC_PTHREAD
[0.928s] -- Performing Test CMAKE_HAVE_LIBC_PTHREAD - Success
[0.929s] -- Found Threads: TRUE  
[0.982s] -- Found gazebo_ros: 3.9.0 (/opt/ros/humble/share/gazebo_ros/cmake)
[0.991s] -- Found PkgConfig: /usr/bin/pkg-config (found version "0.29.2") 
[0.992s] -- Checking for module 'bullet>=2.82'
[1.000s] --   Found bullet, version 3.05
[1.077s] -- Found fcl: /usr/include (found suitable version "0.7.0", minimum required is "0.5.0") 
[1.109s] -- Found assimp: /usr/include (found version "5.2.0") 
[1.129s] -- Found DART: /usr/include (Required is at least version "6.6") found components: dart 
[1.148s] -- Found Boost: /usr/lib/x86_64-linux-gnu/cmake/Boost-1.74.0/BoostConfig.cmake (found suitable version "1.74.0", minimum required is "1.40.0") found components: thread system filesystem program_options regex iostreams date_time 
[1.165s] -- Found Protobuf: /usr/lib/x86_64-linux-gnu/libprotobuf.so (found version "3.12.4") 
[1.170s] -- Looking for ignition-math6 -- found version 6.15.1
[1.176s] -- Searching for dependencies of ignition-math6
[1.178s] -- Looking for OGRE...
[1.178s] -- OGRE_PREFIX_WATCH changed.
[1.182s] -- Checking for module 'OGRE'
[1.190s] --   Found OGRE, version 1.9.0
[1.211s] -- Found Ogre Ghadamon (1.9.0)
[1.215s] -- Found OGRE: optimized;/usr/lib/x86_64-linux-gnu/libOgreMain.so;debug;/usr/lib/x86_64-linux-gnu/libOgreMain.so
[1.223s] -- Looking for OGRE_Paging...
[1.226s] -- Found OGRE_Paging: optimized;/usr/lib/x86_64-linux-gnu/libOgrePaging.so;debug;/usr/lib/x86_64-linux-gnu/libOgrePaging.so
[1.226s] -- Looking for OGRE_Terrain...
[1.229s] -- Found OGRE_Terrain: optimized;/usr/lib/x86_64-linux-gnu/libOgreTerrain.so;debug;/usr/lib/x86_64-linux-gnu/libOgreTerrain.so
[1.229s] -- Looking for OGRE_Property...
[1.231s] -- Found OGRE_Property: optimized;/usr/lib/x86_64-linux-gnu/libOgreProperty.so;debug;/usr/lib/x86_64-linux-gnu/libOgreProperty.so
[1.231s] -- Looking for OGRE_RTShaderSystem...
[1.234s] -- Found OGRE_RTShaderSystem: optimized;/usr/lib/x86_64-linux-gnu/libOgreRTShaderSystem.so;debug;/usr/lib/x86_64-linux-gnu/libOgreRTShaderSystem.so
[1.234s] -- Looking for OGRE_Volume...
[1.236s] -- Found OGRE_Volume: optimized;/usr/lib/x86_64-linux-gnu/libOgreVolume.so;debug;/usr/lib/x86_64-linux-gnu/libOgreVolume.so
[1.236s] -- Looking for OGRE_Overlay...
[1.239s] -- Found OGRE_Overlay: optimized;/usr/lib/x86_64-linux-gnu/libOgreOverlay.so;debug;/usr/lib/x86_64-linux-gnu/libOgreOverlay.so
[1.296s] -- Looking for ignition-math6 -- found version 6.15.1
[1.298s] -- Looking for ignition-transport8 -- found version 8.2.1
[1.299s] -- Searching for dependencies of ignition-transport8
[1.315s] -- Found Protobuf: /usr/lib/x86_64-linux-gnu/libprotobuf.so (found suitable version "3.12.4", minimum required is "3") 
[1.326s] -- Config-file not installed for ZeroMQ -- checking for pkg-config
[1.331s] -- Checking for module 'libzmq >= 4'
[1.340s] --   Found libzmq , version 4.3.4
[1.365s] -- Found ZeroMQ: TRUE (Required is at least version "4") 
[1.369s] -- Checking for module 'uuid'
[1.378s] --   Found uuid, version 2.37.2
[1.399s] -- Found UUID: TRUE  
[1.401s] -- Looking for ignition-msgs5 -- found version 5.8.1
[1.401s] -- Searching for dependencies of ignition-msgs5
[1.420s] -- Looking for ignition-math6 -- found version 6.15.1
[1.424s] -- Checking for module 'tinyxml2'
[1.432s] --   Found tinyxml2, version 9.0.0
[1.454s] -- Looking for ignition-msgs5 -- found version 5.8.1
[1.456s] -- Looking for ignition-common3 -- found version 3.14.0
[1.457s] -- Searching for dependencies of ignition-common3
[1.457s] -- Looking for dlfcn.h - found
[1.457s] -- Looking for libdl - found
[1.458s] -- Found DL: TRUE  
[1.467s] -- Found tinyobjloader: /usr/lib/x86_64-linux-gnu/cmake/tinyobjloader/tinyobjloader-config.cmake (found version "2.0.0") 
[1.467s] -- Searching for <ignition-common3> component [graphics]
[1.470s] -- Looking for ignition-common3-graphics -- found version 3.14.0
[1.470s] -- Searching for dependencies of ignition-common3-graphics
[1.470s] -- Looking for ignition-math6 -- found version 6.15.1
[1.473s] -- Looking for ignition-fuel_tools4 -- found version 4.4.0
[1.473s] -- Searching for dependencies of ignition-fuel_tools4
[1.530s] -- Found CURL: /usr/lib/x86_64-linux-gnu/libcurl.so (found version "7.81.0")  
[1.537s] -- Checking for module 'jsoncpp'
[1.545s] --   Found jsoncpp, version 1.9.5
[1.567s] -- Found JSONCPP: TRUE  
[1.571s] -- Checking for module 'libzip'
[1.580s] --   Found libzip, version 1.7.3
[1.600s] -- Found ZIP: TRUE  
[1.600s] -- Looking for ignition-common3 -- found version 3.14.0
[1.600s] -- Looking for ignition-math6 -- found version 6.15.1
[1.601s] -- Looking for ignition-msgs5 -- found version 5.8.1
[1.605s] -- Gazebo version: 11.10
[1.605s] -- Checking for module 'tbb'
[1.614s] --   Found tbb, version 2021.5.0
[1.636s] -- Found sensor_msgs: 4.9.0 (/opt/ros/humble/share/sensor_msgs/cmake)
[1.720s] -- Configuring done
[1.750s] -- Generating done
[1.751s] [33mCMake Warning:
[1.751s]   Manually-specified variables were not used by the project:
[1.751s] 
[1.751s]     CATKIN_INSTALL_INTO_PREFIX_ROOT
[1.751s] 
[1.751s] [0m
[1.754s] -- Build files have been written to: /home/ros/ros2_ws/build/sensor_plugins
[1.763s] Invoked command in '/home/ros/ros2_ws/build/sensor_plugins' returned '0': /usr/bin/cmake /home/ros/ros2_ws/src/sensor_plugins -DCATKIN_INSTALL_INTO_PREFIX_ROOT=0 -DCMAKE_INSTALL_PREFIX=/home/ros/ros2_ws/install/sensor_plugins
[1.763s] Invoking command in '/home/ros/ros2_ws/build/sensor_plugins': /usr/bin/cmake --build /home/ros/ros2_ws/build/sensor_plugins -- -j8 -l8
[1.800s] [ 50%] [32mBuilding CXX object CMakeFiles/imu_plugin.dir/src/imu_plugin.cpp.o[0m
[11.426s] [100%] [32m[1mLinking CXX shared library libimu_plugin.so[0m
[11.774s] [100%] Built target imu_plugin
[11.782s] Invoked command in '/home/ros/ros2_ws/build/sensor_plugins' returned '0': /usr/bin/cmake --build /home/ros/ros2_ws/build/sensor_plugins -- -j8 -l8
[11.789s] Invoking command in '/home/ros/ros2_ws/build/sensor_plugins': /usr/bin/cmake --install /home/ros/ros2_ws/build/sensor_plugins
[11.795s] -- Install configuration: ""
[11.795s] -- Installing: /home/ros/ros2_ws/install/sensor_plugins/lib/libimu_plugin.so
[11.797s] -- Set runtime path of "/home/ros/ros2_ws/install/sensor_plugins/lib/libimu_plugin.so" to ""
[11.797s] -- Installing: /home/ros/ros2_ws/install/sensor_plugins/include
[11.797s] -- Installing: /home/ros/ros2_ws/install/sensor_plugins/include/sensor_plugins
[11.797s] -- Installing: /home/ros/ros2_ws/install/sensor_plugins/share/ament_index/resource_index/package_run_dependencies/sensor_plugins
[11.797s] -- Installing: /home/ros/ros2_ws/install/sensor_plugins/share/ament_index/resource_index/parent_prefix_path/sensor_plugins
[11.798s] -- Installing: /home/ros/ros2_ws/install/sensor_plugins/share/sensor_plugins/environment/ament_prefix_path.sh
[11.798s] -- Installing: /home/ros/ros2_ws/install/sensor_plugins/share/sensor_plugins/environment/ament_prefix_path.dsv
[11.798s] -- Installing: /home/ros/ros2_ws/install/sensor_plugins/share/sensor_plugins/environment/path.sh
[11.798s] -- Installing: /home/ros/ros2_ws/install/sensor_plugins/share/sensor_plugins/environment/path.dsv
[11.799s] -- Installing: /home/ros/ros2_ws/install/sensor_plugins/share/sensor_plugins/local_setup.bash
[11.799s] -- Installing: /home/ros/ros2_ws/install/sensor_plugins/share/sensor_plugins/local_setup.sh
[11.799s] -- Installing: /home/ros/ros2_ws/install/sensor_plugins/share/sensor_plugins/local_setup.zsh
[11.799s] -- Installing: /home/ros/ros2_ws/install/sensor_plugins/share/sensor_plugins/local_setup.dsv
[11.799s] -- Installing: /home/ros/ros2_ws/install/sensor_plugins/share/sensor_plugins/package.dsv
[11.800s] -- Installing: /home/ros/ros2_ws/install/sensor_plugins/share/ament_index/resource_index/packages/sensor_plugins
[11.800s] -- Installing: /home/ros/ros2_ws/install/sensor_plugins/share/sensor_plugins/cmake/sensor_pluginsConfig.cmake
[11.800s] -- Installing: /home/ros/ros2_ws/install/sensor_plugins/share/sensor_plugins/cmake/sensor_pluginsConfig-version.cmake
[11.800s] -- Installing: /home/ros/ros2_ws/install/sensor_plugins/share/sensor_plugins/package.xml
[11.801s] Invoked command in '/home/ros/ros2_ws/build/sensor_plugins' returned '0': /usr/bin/cmake --install /home/ros/ros2_ws/build/sensor_plugins
