[35m[1mConsolidate compiler generated dependencies of target imu_plugin[0m
[100%] Built target imu_plugin
-- Install configuration: ""
-- Up-to-date: /home/ros/ros2_ws/install/sensor_plugins/lib/libimu_plugin.so
-- Up-to-date: /home/ros/ros2_ws/install/sensor_plugins/include
-- Up-to-date: /home/ros/ros2_ws/install/sensor_plugins/include/sensor_plugins
-- Up-to-date: /home/ros/ros2_ws/install/sensor_plugins/share/ament_index/resource_index/package_run_dependencies/sensor_plugins
-- Up-to-date: /home/ros/ros2_ws/install/sensor_plugins/share/ament_index/resource_index/parent_prefix_path/sensor_plugins
-- Up-to-date: /home/ros/ros2_ws/install/sensor_plugins/share/sensor_plugins/environment/ament_prefix_path.sh
-- Up-to-date: /home/ros/ros2_ws/install/sensor_plugins/share/sensor_plugins/environment/ament_prefix_path.dsv
-- Up-to-date: /home/ros/ros2_ws/install/sensor_plugins/share/sensor_plugins/environment/path.sh
-- Up-to-date: /home/ros/ros2_ws/install/sensor_plugins/share/sensor_plugins/environment/path.dsv
-- Up-to-date: /home/ros/ros2_ws/install/sensor_plugins/share/sensor_plugins/local_setup.bash
-- Up-to-date: /home/ros/ros2_ws/install/sensor_plugins/share/sensor_plugins/local_setup.sh
-- Up-to-date: /home/ros/ros2_ws/install/sensor_plugins/share/sensor_plugins/local_setup.zsh
-- Up-to-date: /home/ros/ros2_ws/install/sensor_plugins/share/sensor_plugins/local_setup.dsv
-- Installing: /home/ros/ros2_ws/install/sensor_plugins/share/sensor_plugins/package.dsv
-- Up-to-date: /home/ros/ros2_ws/install/sensor_plugins/share/ament_index/resource_index/packages/sensor_plugins
-- Up-to-date: /home/ros/ros2_ws/install/sensor_plugins/share/sensor_plugins/cmake/sensor_pluginsConfig.cmake
-- Up-to-date: /home/ros/ros2_ws/install/sensor_plugins/share/sensor_plugins/cmake/sensor_pluginsConfig-version.cmake
-- Up-to-date: /home/ros/ros2_ws/install/sensor_plugins/share/sensor_plugins/package.xml
