[0.013s] Invoking command in '/home/ros/ros2_ws/build/sensor_plugins': /usr/bin/cmake --build /home/ros/ros2_ws/build/sensor_plugins -- -j8 -l8
[0.051s] [35m[1mConsolidate compiler generated dependencies of target imu_plugin[0m
[0.074s] [100%] Built target imu_plugin
[0.082s] Invoked command in '/home/ros/ros2_ws/build/sensor_plugins' returned '0': /usr/bin/cmake --build /home/ros/ros2_ws/build/sensor_plugins -- -j8 -l8
[0.090s] Invoking command in '/home/ros/ros2_ws/build/sensor_plugins': /usr/bin/cmake --install /home/ros/ros2_ws/build/sensor_plugins
[0.095s] -- Install configuration: ""
[0.095s] -- Up-to-date: /home/ros/ros2_ws/install/sensor_plugins/lib/libimu_plugin.so
[0.096s] -- Up-to-date: /home/ros/ros2_ws/install/sensor_plugins/include
[0.096s] -- Up-to-date: /home/ros/ros2_ws/install/sensor_plugins/include/sensor_plugins
[0.096s] -- Up-to-date: /home/ros/ros2_ws/install/sensor_plugins/share/ament_index/resource_index/package_run_dependencies/sensor_plugins
[0.096s] -- Up-to-date: /home/ros/ros2_ws/install/sensor_plugins/share/ament_index/resource_index/parent_prefix_path/sensor_plugins
[0.096s] -- Up-to-date: /home/ros/ros2_ws/install/sensor_plugins/share/sensor_plugins/environment/ament_prefix_path.sh
[0.096s] -- Up-to-date: /home/ros/ros2_ws/install/sensor_plugins/share/sensor_plugins/environment/ament_prefix_path.dsv
[0.096s] -- Up-to-date: /home/ros/ros2_ws/install/sensor_plugins/share/sensor_plugins/environment/path.sh
[0.096s] -- Up-to-date: /home/ros/ros2_ws/install/sensor_plugins/share/sensor_plugins/environment/path.dsv
[0.096s] -- Up-to-date: /home/ros/ros2_ws/install/sensor_plugins/share/sensor_plugins/local_setup.bash
[0.096s] -- Up-to-date: /home/ros/ros2_ws/install/sensor_plugins/share/sensor_plugins/local_setup.sh
[0.096s] -- Up-to-date: /home/ros/ros2_ws/install/sensor_plugins/share/sensor_plugins/local_setup.zsh
[0.096s] -- Up-to-date: /home/ros/ros2_ws/install/sensor_plugins/share/sensor_plugins/local_setup.dsv
[0.096s] -- Installing: /home/ros/ros2_ws/install/sensor_plugins/share/sensor_plugins/package.dsv
[0.096s] -- Up-to-date: /home/ros/ros2_ws/install/sensor_plugins/share/ament_index/resource_index/packages/sensor_plugins
[0.096s] -- Up-to-date: /home/ros/ros2_ws/install/sensor_plugins/share/sensor_plugins/cmake/sensor_pluginsConfig.cmake
[0.097s] -- Up-to-date: /home/ros/ros2_ws/install/sensor_plugins/share/sensor_plugins/cmake/sensor_pluginsConfig-version.cmake
[0.097s] -- Up-to-date: /home/ros/ros2_ws/install/sensor_plugins/share/sensor_plugins/package.xml
[0.098s] Invoked command in '/home/ros/ros2_ws/build/sensor_plugins' returned '0': /usr/bin/cmake --install /home/ros/ros2_ws/build/sensor_plugins
