[0.148s] DEBUG:colcon:Command line arguments: ['/usr/bin/colcon', 'build', '--packages-select', 'sensor_plugins']
[0.149s] DEBUG:colcon:Parsed command line arguments: Namespace(log_base=None, log_level=None, verb_name='build', build_base='build', install_base='install', merge_install=False, symlink_install=False, test_result_base=None, continue_on_error=False, executor='parallel', parallel_workers=8, event_handlers=None, ignore_user_meta=False, metas=['./colcon.meta'], base_paths=['.'], packages_ignore=None, packages_ignore_regex=None, paths=None, packages_up_to=None, packages_up_to_regex=None, packages_above=None, packages_above_and_dependencies=None, packages_above_depth=None, packages_select_by_dep=None, packages_skip_by_dep=None, packages_skip_up_to=None, packages_select_build_failed=False, packages_skip_build_finished=False, packages_select_test_failures=False, packages_skip_test_passed=False, packages_select=['sensor_plugins'], packages_skip=None, packages_select_regex=None, packages_skip_regex=None, packages_start=None, packages_end=None, cmake_args=None, cmake_target=None, cmake_target_skip_unavailable=False, cmake_clean_cache=False, cmake_clean_first=False, cmake_force_configure=False, ament_cmake_args=None, catkin_cmake_args=None, catkin_skip_building_tests=False, mixin_files=None, mixin=None, verb_parser=<colcon_mixin.mixin.mixin_argument.MixinArgumentDecorator object at 0x75cebdd035b0>, verb_extension=<colcon_core.verb.build.BuildVerb object at 0x75cebdd02ec0>, main=<bound method BuildVerb.main of <colcon_core.verb.build.BuildVerb object at 0x75cebdd02ec0>>, mixin_verb=('build',))
[0.313s] Level 1:colcon.colcon_core.package_discovery:discover_packages(colcon_meta) check parameters
[0.313s] Level 1:colcon.colcon_core.package_discovery:discover_packages(recursive) check parameters
[0.313s] Level 1:colcon.colcon_core.package_discovery:discover_packages(ignore) check parameters
[0.313s] Level 1:colcon.colcon_core.package_discovery:discover_packages(path) check parameters
[0.313s] Level 1:colcon.colcon_core.package_discovery:discover_packages(colcon_meta) discover
[0.313s] Level 1:colcon.colcon_core.package_discovery:discover_packages(recursive) discover
[0.313s] INFO:colcon.colcon_core.package_discovery:Crawling recursively for packages in '/home/ros/ros2_ws'
[0.313s] Level 1:colcon.colcon_core.package_identification:_identify(.) by extensions ['ignore', 'ignore_ament_install']
[0.313s] Level 1:colcon.colcon_core.package_identification:_identify(.) by extension 'ignore'
[0.313s] Level 1:colcon.colcon_core.package_identification:_identify(.) by extension 'ignore_ament_install'
[0.313s] Level 1:colcon.colcon_core.package_identification:_identify(.) by extensions ['colcon_pkg']
[0.313s] Level 1:colcon.colcon_core.package_identification:_identify(.) by extension 'colcon_pkg'
[0.313s] Level 1:colcon.colcon_core.package_identification:_identify(.) by extensions ['colcon_meta']
[0.313s] Level 1:colcon.colcon_core.package_identification:_identify(.) by extension 'colcon_meta'
[0.313s] Level 1:colcon.colcon_core.package_identification:_identify(.) by extensions ['ros']
[0.313s] Level 1:colcon.colcon_core.package_identification:_identify(.) by extension 'ros'
[0.324s] Level 1:colcon.colcon_core.package_identification:_identify(.) by extensions ['cmake', 'python']
[0.324s] Level 1:colcon.colcon_core.package_identification:_identify(.) by extension 'cmake'
[0.324s] Level 1:colcon.colcon_core.package_identification:_identify(.) by extension 'python'
[0.324s] Level 1:colcon.colcon_core.package_identification:_identify(.) by extensions ['python_setup_py']
[0.324s] Level 1:colcon.colcon_core.package_identification:_identify(.) by extension 'python_setup_py'
[0.324s] Level 1:colcon.colcon_core.package_identification:_identify(build) by extensions ['ignore', 'ignore_ament_install']
[0.325s] Level 1:colcon.colcon_core.package_identification:_identify(build) by extension 'ignore'
[0.325s] Level 1:colcon.colcon_core.package_identification:_identify(build) ignored
[0.325s] Level 1:colcon.colcon_core.package_identification:_identify(install) by extensions ['ignore', 'ignore_ament_install']
[0.325s] Level 1:colcon.colcon_core.package_identification:_identify(install) by extension 'ignore'
[0.325s] Level 1:colcon.colcon_core.package_identification:_identify(install) ignored
[0.325s] Level 1:colcon.colcon_core.package_identification:_identify(log) by extensions ['ignore', 'ignore_ament_install']
[0.325s] Level 1:colcon.colcon_core.package_identification:_identify(log) by extension 'ignore'
[0.325s] Level 1:colcon.colcon_core.package_identification:_identify(log) ignored
[0.325s] Level 1:colcon.colcon_core.package_identification:_identify(src) by extensions ['ignore', 'ignore_ament_install']
[0.325s] Level 1:colcon.colcon_core.package_identification:_identify(src) by extension 'ignore'
[0.325s] Level 1:colcon.colcon_core.package_identification:_identify(src) by extension 'ignore_ament_install'
[0.325s] Level 1:colcon.colcon_core.package_identification:_identify(src) by extensions ['colcon_pkg']
[0.325s] Level 1:colcon.colcon_core.package_identification:_identify(src) by extension 'colcon_pkg'
[0.325s] Level 1:colcon.colcon_core.package_identification:_identify(src) by extensions ['colcon_meta']
[0.325s] Level 1:colcon.colcon_core.package_identification:_identify(src) by extension 'colcon_meta'
[0.325s] Level 1:colcon.colcon_core.package_identification:_identify(src) by extensions ['ros']
[0.325s] Level 1:colcon.colcon_core.package_identification:_identify(src) by extension 'ros'
[0.325s] Level 1:colcon.colcon_core.package_identification:_identify(src) by extensions ['cmake', 'python']
[0.325s] Level 1:colcon.colcon_core.package_identification:_identify(src) by extension 'cmake'
[0.325s] Level 1:colcon.colcon_core.package_identification:_identify(src) by extension 'python'
[0.325s] Level 1:colcon.colcon_core.package_identification:_identify(src) by extensions ['python_setup_py']
[0.325s] Level 1:colcon.colcon_core.package_identification:_identify(src) by extension 'python_setup_py'
[0.326s] Level 1:colcon.colcon_core.package_identification:_identify(src/sensor_plugins) by extensions ['ignore', 'ignore_ament_install']
[0.326s] Level 1:colcon.colcon_core.package_identification:_identify(src/sensor_plugins) by extension 'ignore'
[0.326s] Level 1:colcon.colcon_core.package_identification:_identify(src/sensor_plugins) by extension 'ignore_ament_install'
[0.326s] Level 1:colcon.colcon_core.package_identification:_identify(src/sensor_plugins) by extensions ['colcon_pkg']
[0.326s] Level 1:colcon.colcon_core.package_identification:_identify(src/sensor_plugins) by extension 'colcon_pkg'
[0.326s] Level 1:colcon.colcon_core.package_identification:_identify(src/sensor_plugins) by extensions ['colcon_meta']
[0.326s] Level 1:colcon.colcon_core.package_identification:_identify(src/sensor_plugins) by extension 'colcon_meta'
[0.326s] Level 1:colcon.colcon_core.package_identification:_identify(src/sensor_plugins) by extensions ['ros']
[0.326s] Level 1:colcon.colcon_core.package_identification:_identify(src/sensor_plugins) by extension 'ros'
[0.328s] DEBUG:colcon.colcon_core.package_identification:Package 'src/sensor_plugins' with type 'ros.catkin' and name 'sensor_plugins'
[0.328s] Level 1:colcon.colcon_core.package_discovery:discover_packages(recursive) using defaults
[0.328s] Level 1:colcon.colcon_core.package_discovery:discover_packages(ignore) discover
[0.328s] Level 1:colcon.colcon_core.package_discovery:discover_packages(ignore) using defaults
[0.328s] Level 1:colcon.colcon_core.package_discovery:discover_packages(path) discover
[0.328s] Level 1:colcon.colcon_core.package_discovery:discover_packages(path) using defaults
[0.349s] Level 5:colcon.colcon_core.verb:set package 'sensor_plugins' build argument 'cmake_args' from command line to 'None'
[0.349s] Level 5:colcon.colcon_core.verb:set package 'sensor_plugins' build argument 'cmake_target' from command line to 'None'
[0.349s] Level 5:colcon.colcon_core.verb:set package 'sensor_plugins' build argument 'cmake_target_skip_unavailable' from command line to 'False'
[0.349s] Level 5:colcon.colcon_core.verb:set package 'sensor_plugins' build argument 'cmake_clean_cache' from command line to 'False'
[0.349s] Level 5:colcon.colcon_core.verb:set package 'sensor_plugins' build argument 'cmake_clean_first' from command line to 'False'
[0.349s] Level 5:colcon.colcon_core.verb:set package 'sensor_plugins' build argument 'cmake_force_configure' from command line to 'False'
[0.349s] Level 5:colcon.colcon_core.verb:set package 'sensor_plugins' build argument 'ament_cmake_args' from command line to 'None'
[0.349s] Level 5:colcon.colcon_core.verb:set package 'sensor_plugins' build argument 'catkin_cmake_args' from command line to 'None'
[0.349s] Level 5:colcon.colcon_core.verb:set package 'sensor_plugins' build argument 'catkin_skip_building_tests' from command line to 'False'
[0.349s] DEBUG:colcon.colcon_core.verb:Building package 'sensor_plugins' with the following arguments: {'ament_cmake_args': None, 'build_base': '/home/ros/ros2_ws/build/sensor_plugins', 'catkin_cmake_args': None, 'catkin_skip_building_tests': False, 'cmake_args': None, 'cmake_clean_cache': False, 'cmake_clean_first': False, 'cmake_force_configure': False, 'cmake_target': None, 'cmake_target_skip_unavailable': False, 'install_base': '/home/ros/ros2_ws/install/sensor_plugins', 'merge_install': False, 'path': '/home/ros/ros2_ws/src/sensor_plugins', 'symlink_install': False, 'test_result_base': None}
[0.349s] INFO:colcon.colcon_core.executor:Executing jobs using 'parallel' executor
[0.350s] DEBUG:colcon.colcon_parallel_executor.executor.parallel:run_until_complete
[0.350s] INFO:colcon.colcon_ros.task.catkin.build:Building ROS package in '/home/ros/ros2_ws/src/sensor_plugins' with build type 'catkin'
[0.350s] INFO:colcon.colcon_cmake.task.cmake.build:Building CMake package in '/home/ros/ros2_ws/src/sensor_plugins'
[0.354s] INFO:colcon.colcon_core.plugin_system:Skipping extension 'colcon_core.shell.bat': Not used on non-Windows systems
[0.354s] INFO:colcon.colcon_core.shell:Skip shell extension 'powershell' for command environment: Not usable outside of PowerShell
[0.354s] DEBUG:colcon.colcon_core.shell:Skip shell extension 'dsv' for command environment
[0.355s] WARNING:colcon.colcon_ros.prefix_path.catkin:The path '/home/ros/ros2_ws/install/sensor_plugins' in the environment variable CMAKE_PREFIX_PATH doesn't exist
[0.362s] DEBUG:colcon.colcon_core.event_handler.log_command:Invoking command in '/home/ros/ros2_ws/build/sensor_plugins': /usr/bin/cmake /home/ros/ros2_ws/src/sensor_plugins -DCATKIN_INSTALL_INTO_PREFIX_ROOT=0 -DCMAKE_INSTALL_PREFIX=/home/ros/ros2_ws/install/sensor_plugins
[2.024s] DEBUG:colcon.colcon_core.event_handler.log_command:Invoked command in '/home/ros/ros2_ws/build/sensor_plugins' returned '1': /usr/bin/cmake /home/ros/ros2_ws/src/sensor_plugins -DCATKIN_INSTALL_INTO_PREFIX_ROOT=0 -DCMAKE_INSTALL_PREFIX=/home/ros/ros2_ws/install/sensor_plugins
[2.033s] Level 1:colcon.colcon_core.environment:create_environment_scripts_only(sensor_plugins)
[2.036s] Level 1:colcon.colcon_core.environment:checking '/home/ros/ros2_ws/install/sensor_plugins' for CMake module files
[2.036s] Level 1:colcon.colcon_core.environment:checking '/home/ros/ros2_ws/install/sensor_plugins' for CMake config files
[2.037s] Level 1:colcon.colcon_core.environment:checking '/home/ros/ros2_ws/install/sensor_plugins/bin'
[2.037s] Level 1:colcon.colcon_core.environment:checking '/home/ros/ros2_ws/install/sensor_plugins/lib/pkgconfig/sensor_plugins.pc'
[2.038s] Level 1:colcon.colcon_core.environment:checking '/home/ros/ros2_ws/install/sensor_plugins/lib/python3.10/site-packages'
[2.038s] Level 1:colcon.colcon_core.environment:checking '/home/ros/ros2_ws/install/sensor_plugins/bin'
[2.038s] INFO:colcon.colcon_core.shell:Creating package script '/home/ros/ros2_ws/install/sensor_plugins/share/sensor_plugins/package.ps1'
[2.039s] INFO:colcon.colcon_core.shell:Creating package descriptor '/home/ros/ros2_ws/install/sensor_plugins/share/sensor_plugins/package.dsv'
[2.039s] INFO:colcon.colcon_core.shell:Creating package script '/home/ros/ros2_ws/install/sensor_plugins/share/sensor_plugins/package.sh'
[2.040s] INFO:colcon.colcon_core.shell:Creating package script '/home/ros/ros2_ws/install/sensor_plugins/share/sensor_plugins/package.bash'
[2.040s] INFO:colcon.colcon_core.shell:Creating package script '/home/ros/ros2_ws/install/sensor_plugins/share/sensor_plugins/package.zsh'
[2.041s] Level 1:colcon.colcon_core.environment:create_file_with_runtime_dependencies(/home/ros/ros2_ws/install/sensor_plugins/share/colcon-core/packages/sensor_plugins)
[2.051s] DEBUG:colcon.colcon_parallel_executor.executor.parallel:closing loop
[2.052s] DEBUG:colcon.colcon_parallel_executor.executor.parallel:loop closed
[2.052s] DEBUG:colcon.colcon_parallel_executor.executor.parallel:run_until_complete finished with '1'
[2.052s] DEBUG:colcon.colcon_core.event_reactor:joining thread
[2.060s] INFO:colcon.colcon_core.plugin_system:Skipping extension 'colcon_notification.desktop_notification.notify_send': Could not find 'notify-send'
[2.060s] INFO:colcon.colcon_core.plugin_system:Skipping extension 'colcon_notification.desktop_notification.terminal_notifier': Not used on non-Darwin systems
[2.074s] INFO:colcon.colcon_core.plugin_system:Skipping extension 'colcon_notification.desktop_notification.win32': Not used on non-Windows systems
[2.074s] INFO:colcon.colcon_notification.desktop_notification:Sending desktop notification using 'notify2'
[2.076s] DEBUG:colcon.colcon_notification.desktop_notification.notify2:Failed to initialize notify2: org.freedesktop.DBus.Error.Spawn.ExecFailed: /usr/bin/dbus-launch terminated abnormally without any error message
[2.076s] DEBUG:colcon.colcon_core.event_reactor:joined thread
[2.076s] INFO:colcon.colcon_core.shell:Creating prefix script '/home/ros/ros2_ws/install/local_setup.ps1'
[2.077s] INFO:colcon.colcon_core.shell:Creating prefix util module '/home/ros/ros2_ws/install/_local_setup_util_ps1.py'
[2.078s] INFO:colcon.colcon_core.shell:Creating prefix chain script '/home/ros/ros2_ws/install/setup.ps1'
[2.079s] INFO:colcon.colcon_core.shell:Creating prefix script '/home/ros/ros2_ws/install/local_setup.sh'
[2.080s] INFO:colcon.colcon_core.shell:Creating prefix util module '/home/ros/ros2_ws/install/_local_setup_util_sh.py'
[2.081s] INFO:colcon.colcon_core.shell:Creating prefix chain script '/home/ros/ros2_ws/install/setup.sh'
[2.081s] INFO:colcon.colcon_core.shell:Creating prefix script '/home/ros/ros2_ws/install/local_setup.bash'
[2.082s] INFO:colcon.colcon_core.shell:Creating prefix chain script '/home/ros/ros2_ws/install/setup.bash'
[2.083s] INFO:colcon.colcon_core.shell:Creating prefix script '/home/ros/ros2_ws/install/local_setup.zsh'
[2.083s] INFO:colcon.colcon_core.shell:Creating prefix chain script '/home/ros/ros2_ws/install/setup.zsh'
